 ---------- [2019:11:23]  ---------- 
[22:14:33] <Corydoras81> opq
 ---------- [2019:11:23]  ---------- 
[23:13:52] 嫌儲Minecraft部サーバへようこそ！
[23:13:52] ■ ローマ字→ひらがな変換が不要な場合 /japanize off と入力してください。
[23:13:52] == [プラグイン解説] == 
[23:13:52] ■ おみくじは /omikuji で引けます。内容は毎日24:00に変化します。
[23:13:52] ■ FastCraft+>導入しました。/fc toggle で使えるようになります。
[23:13:52] ※動作のおかしいプラグインや不具合があれば教えて下さい
[23:13:52] ================
[23:13:52] 2017.11.12 - 1.12.2になりました
[23:13:52] Corydoras81 joined the game
[23:13:52] == [TOPICS] ==
[23:15:38] [避難所]<supportdesk> ・・・
[23:15:59] [避難所]<wa3bi> きよし君がやってた方法がいちばんはやい
[23:16:05] Ajisai_Rain joined the game
[23:16:18] [避難所]<supportdesk> トロッコワープ法？
[23:16:33] [避難所]<wa3bi> さっきやってたやつですよ
[23:16:35] [ラウンジ]<sakku32> 2月にあじさい
[23:16:42] [避難所]<supportdesk> あ・・・
[23:16:48] [避難所]<wanwanchan> じ
[23:16:54] [ラウンジ]<sakku32> さ
[23:16:57] [ラウンジ]<nekonekokun> い
[23:17:08] [通常]<Ajisai_Rain> はい
[23:17:08] [通常]<sksim> はい
[23:17:10] [Japanize]ひ
[23:17:11] [ラウンジ]<ponco> hi
[23:17:11] [Japanize]ひ
[23:17:11] [ラウンジ]<Corydoras81> hi
[23:17:19] [避難所]<wanwanchan> ひ
[23:17:23] [Japanize]やったぜ
[23:17:23] [ラウンジ]<nekonekokun> yattaze
[23:17:25] [避難所]<wanwanchan> ここはなんの施設ですか
[23:17:38] [避難所]<wa3bi> 1.13用のTTだよ
[23:17:59] [避難所]<wa3bi> なんか完成する前に1.13来そうだけど
[23:18:00] [ラウンジ]<sakku32> 何か追加されるの
[23:18:11] [避難所]<supportdesk> １．１３くるの
[23:18:13] [避難所]<supportdesk> うれしい
[23:18:59] [Japanize]https://ふぃぇs.みねcrあftfおrgえ.ねt/
[23:18:59] [避難所]<wa3bi> https://files.minecraftforge.net/
[23:19:06] [避難所]<wa3bi> まだstableきてないけど
[23:19:41] [避難所]<supportdesk> おお
[23:19:49] [避難所]<supportdesk> 沈黙を破ったか 長かったな・・・
[23:19:52] [Japanize]https://みねcrあft-じゃ.がめぺぢあ.cおm/%E3%83%89%E3%83%A9%E3%82%A6%E3%83%B3%E3%83%89
[23:19:52] [避難所]<wa3bi> https://minecraft-ja.gamepedia.com/%E3%83%89%E3%83%A9%E3%82%A6%E3%83%B3%E3%83%89
[23:20:21] [ラウンジ]<sakku32> 海や川バイオームや、ゾンビが溺れたときにスポーンする
[23:20:32] [ラウンジ]<sakku32> ゾンビの水死体？
[23:20:48] [避難所]<wa3bi> ゾンビが変化した奴はトライデント落とさない
[23:21:29] [避難所]<supportdesk> くさそう
[23:21:55] [避難所]<supportdesk> わんわん この装備がわんわんの追跡に特化した装備 通称追跡者だよ
[23:21:58] [避難所]<wa3bi> 鳴き声が結構きもい
[23:22:14] [避難所]<wa3bi> 犯罪の現場
[23:23:02] [避難所]<supportdesk> wanwanchanは何処ですか？
[23:23:03] [扉]<dbsknt> lounge の [x:-909, y:190, z:56] にいる
[23:23:03] [扉]<dbsknt> http://kenmomine.club:8123/?worldname=lounge&zoom=3&x=-909.0&y=190.0&z=56.0
[23:23:09] [避難所]<supportdesk> あれ
[23:23:16] [ラウンジ]<sakku32> サポさんのお腹の中
[23:23:53] [避難所]<supportdesk> しまったな エンパを置いてきてしまった
 ---------- [2019:11:23]  ---------- 
[23:26:16] 嫌儲Minecraft部サーバへようこそ！
[23:26:16] == [プラグイン解説] == 
[23:26:16] ■ ローマ字→ひらがな変換が不要な場合 /japanize off と入力してください。
[23:26:16] ■ おみくじは /omikuji で引けます。内容は毎日24:00に変化します。
[23:26:16] ■ FastCraft+>導入しました。/fc toggle で使えるようになります。
[23:26:16] ※動作のおかしいプラグインや不具合があれば教えて下さい
[23:26:16] == [TOPICS] ==
[23:26:16] 2017.11.12 - 1.12.2になりました
[23:26:16] ================
[23:26:16] Corydoras81 joined the game
[23:26:34] <Corydoras81> <[> 
[23:27:01] [避難所]<supportdesk> わんわんまってくれ違うんだ
[23:27:41] fubira joined the game
[23:27:49] [避難所]<supportdesk> 私はただわんわんと
[23:27:58] [避難所]<supportdesk> わんわんとマイクラで遊びたかったんだよ・・；；
[23:29:01] dokurokamen left the game
[23:30:13] [避難所]<supportdesk> WAKAI しよう
[23:30:17] wa3bi が gold ores を 4 個発見しました
[23:30:36] [避難所]<supportdesk> うおっ軍艦島懐かしいな
[23:31:22] [避難所]<supportdesk> 地下にホテル作ったんだけど開発に埋もれて生き方が分からなくなった
[23:31:55] wa3bi が gold ores を 5 個発見しました
[23:33:47] [避難所]<supportdesk> あった
[23:33:57] [避難所]<supportdesk> というかレアヘッドのWTNBヘッドが4個も焼かれてる
[23:39:04] nyurindainagon left the game
[23:41:55] バックアップしています
[23:43:54] [避難所]<fubira> 仕事でくたびれた日は単純労働がはかどる
[23:44:26] Complete.
[23:45:56] [避難所]<supportdesk> semigairu
[23:47:50] [避難所]<supportdesk> 明日避難所珍スポットツアーやりたいな
[23:49:45] <Corydoras81> <[> 
