[00:00:00] [Omikuji] Super_AIは <紙> 
[00:00:00] [Omikuji] cislは <大吉> 
[00:00:03] [Omikuji] Corydoras81は <亀> 
[00:00:03] [Omikuji] dbskntは <中吉> 
[00:00:03] [Omikuji] kiyoshifoneは <猫> 
[00:00:04] [Omikuji] sksimは <末吉> 
[00:00:04] [通常]<sksim> 羊生産数: 1879, 平均TPS: 19.71, 計測時間[sec]: 17085, 生産状態: 最高
[00:00:04] [通常]<sksim> おみくじタイム！
[00:00:10] [Omikuji] kamesaは <吉> 
[00:00:32] [Omikuji] wa3biは <鶏> 
[00:00:37] [Omikuji] p_onkanは <吉> 
[00:00:39] [Omikuji] nekonekokunは <大吉> 
[00:00:42] [Omikuji] tsurai_nodaは <中吉> 
[00:00:57] [Omikuji] fubiraは <スイカ> 
[00:00:57] [Omikuji] nezunezukun00は <中吉> 
[00:01:13] [Omikuji] wanwanchanは <豚> 
[00:04:17] [Omikuji] torolavoは <末吉> 
[00:04:32] nyurindainagon joined the game
[00:06:21] torolavo left the game
[00:06:55] [Omikuji] temtacは <犬> 
[00:07:12] [Omikuji] manaita3は <末吉> 
[00:08:36] [ラウンジ]<fubira> nemui
[00:10:30] manaita3 left the game
[00:14:29] バックアップしています
[00:14:34] Ajisai_Rain left the game
[00:16:38] wa3bi left the game
[00:16:53] wa3bi joined the game
[00:17:36] Complete.
[00:21:45] nyurindainagon left the game
[00:23:44] nyurindainagon joined the game
[00:23:50] [Omikuji] nyurindainagonは <BOT> 
[00:26:04] [Omikuji] poteitoooは <大吉> by Super_AI
[00:26:47] [Omikuji] fubiraは <スイカ> 
[00:26:52] nekonekokun left the game
[00:41:48] [Omikuji] ryuusiは <スライム> 
[00:41:50] [Omikuji] ryuusiは <スライム> 
[00:41:51] [Omikuji] ryuusiは <スライム> 
[00:42:05] [通常]<kamesa> 真スラ
[00:47:20] nekonekokun joined the game
[00:47:40] バックアップしています
[00:48:02] nyurindainagon left the game
[00:48:17] nyurindainagon joined the game
[00:49:07] nyurindainagon left the game
[00:49:16] FuwariYurayura joined the game
[00:50:02] [ラウンジ]<FuwariYurayura> ビットコロスカマーン！
[00:50:08] [ラウンジ]<FuwariYurayura> 普通に損切した
[00:50:12] Complete.
[00:50:32] nyurindainagon joined the game
[00:54:32] [避難所]<supportdesk> 資金拘束されていて何も買えない
[00:54:44] [Omikuji] suku1は <末吉> by Super_AI
[01:02:43] wa3bi が lapis ores を 3 個発見しました
[01:03:20] wa3bi が lapis ores を 4 個発見しました
[01:04:50] [ラウンジ]<FuwariYurayura> crypto nem
[01:04:51] [通常]<sksim> 1XEM = 5.0647020615円 1h: -0.18%, 24h: 4.05%, 7d: 9.9%
[01:04:57] [ラウンジ]<FuwariYurayura> crypto bitcoin
[01:04:57] [通常]<sksim> 1BTC = 439513.262474円 1h: -0.24%, 24h: -0.43%, 7d: 9.11%
[01:05:55] [避難所]<supportdesk> 10％上がるとか強い
[01:10:41] [避難所]<supportdesk> 来週PKSHAをリリースしたらテラスカイを買おうと思う
[01:11:47] [避難所]<supportdesk> みんなも買おう
[01:12:18] [ラウンジ]<sakku32> サポさんレーダー的には爆上げする予定なの
[01:16:34] nyurindainagon left the game
[01:20:15] バックアップしています
[01:22:47] Complete.
[01:23:24] nyurindainagon joined the game
[01:25:18] FuwariYurayura left the game
[01:31:43] cG5aQqQ7 joined the game
[01:31:44] [Japanize]ひ
[01:31:44] [通常]<cG5aQqQ7> hi
[01:31:44] [通常]<sksim> hi
[01:31:47] [Japanize]ひ
[01:31:47] [ラウンジ]<ponco> hi
[01:31:47] [Japanize]ひ
[01:31:47] [通常]<Corydoras81> hi
[01:31:48] [Japanize]ひ
[01:31:48] [ラウンジ]<nezunezukun00> hi
[01:31:48] [扉]<dbsknt> ひ
[01:32:12] Tosyabutu joined the game
[01:33:27] [Omikuji] Tosyabutuは <牛> 
[01:46:37] [避難所]<wanwanchan> 情報量が多すぎて読んでなかったけどクリスタル融合ってなに
[01:47:09] [避難所]<wa3bi> sksim クリスタル融合
[01:47:10] [通常]<sksim> https://is.gd/QiRlLW
[01:50:18] niji_neko left the game
[01:51:22] [避難所]<wanwanchan> カードゲームと怪しいオカルトしか情報がない
[01:52:50] バックアップしています
[01:55:27] Complete.
[01:55:38] cG5aQqQ7 left the game
[01:55:53] ryuusi left the game
[01:59:16] ryuusi joined the game
[02:00:03] [通常]<sksim> 2時です.
[02:05:18] kamesa left the game
 ---------- [2019:11:24]  ---------- 

[13:18:19] Corydoras81
[13:18:19] Corydoras81
[13:18:25] Corydoras81
[13:18:27] Corydoras81
[13:18:34] Corydoras81
 ---------- [2019:11:24]  ---------- 
[13:19:18] minecraft:block.note.harpSteve
[13:19:18] minecraft:block.note.harpCorydoras81

 ---------- [2019:11:24]  ---------- 
[15:37:12] 嫌儲Minecraft部サーバへようこそ！
[15:37:12] == [プラグイン解説] == 
[15:37:12] ■ ローマ字→ひらがな変換が不要な場合 /japanize off と入力してください。
[15:37:12] ■ おみくじは /omikuji で引けます。内容は毎日24:00に変化します。
[15:37:12] ■ FastCraft+>導入しました。/fc toggle で使えるようになります。
[15:37:12] ※動作のおかしいプラグインや不具合があれば教えて下さい
[15:37:12] == [TOPICS] ==
[15:37:12] 2017.11.12 - 1.12.2になりました
[15:37:12] ================
[15:37:12] Corydoras81 joined the game
[15:40:19] [ラウンジ]<ryuusi> スラムにあるよ
[15:40:25] [ラウンジ]<ryuusi> 1db
[15:40:29] [ラウンジ]<temtac> ハフリンコだったりして
[15:42:32] [扉]<dbsknt> 今日はでもラウンジにしかいなくない
[15:54:25] [通常]<temtac> パッと見たかんじないな
[15:54:48] [ラウンジ]<ryuusi> 割と上の方
[15:54:58] [扉]<dbsknt> 隠したのは今日ですか？
[15:55:05] [ラウンジ]<ryuusi> yes
[15:56:26] [扉]<dbsknt> あれ？あった
[15:56:40] [扉]<dbsknt> え 俺ここ8回くらい見たつもりだったのに
[15:56:43] [ラウンジ]<ryuusi> おめでとう
[15:56:56] [ラウンジ]<ryuusi> 陰側作戦
[15:57:15] [ラウンジ]<wanwanchan> どこにあったの
[15:57:28] [扉]<dbsknt> ここ→ [name:koko, x:-869, y:198, z:47, dim:0, world:1928ebba-cc2d-47cf-8b72-42912f0e1a98]
[15:58:28] バックアップしています
[15:58:52] [ラウンジ]<wanwanchan> ここ見てなかった
[15:59:08] [扉]<dbsknt> 部屋には入ったけど気付かなかった
[16:00:30] wa3bi left the game
[16:00:49] [ラウンジ]<ryuusi> 割と奥まった場所がある
[16:00:53] [扉]<dbsknt> 左振り返ったら絶対気づくよなあ
[16:00:58] Complete.
[16:01:19] [扉]<dbsknt> 右手のドアだから部屋に入ってから振り返るなら左に振り返ると思うんだよな 何でだろ
[16:01:36] [ラウンジ]<ryuusi> 振り返りが早かったとか
[16:01:47] [扉]<dbsknt> ちゃんと反省しないと
[16:02:27] wa3bi joined the game
[16:04:55] <kiyoshifone> 
[16:31:01] バックアップしています
[16:33:28] Complete.
[16:38:47] ryuusi left the game
[17:03:31] バックアップしています
[17:06:00] Complete.
[17:25:16] wa3bi left the game
[17:36:01] バックアップしています
[17:38:29] Complete.
[17:38:40] <Corydoras81> <Creeper> 
[17:38:41] [通常]<Corydoras81> 私はBOTです。よろしければ遺品回収してください。
[17:38:45] [通常]<kamesa> はいはい
[17:38:56] [ラウンジ]<fubira> かわいそう
[17:46:00] [ラウンジ]<Super_AI> [tsumasakidachi] 私はティーポット
[17:50:49] tsumasakidachi joined the game
[17:52:11] <@> 
[17:52:12] <@> 
[17:52:13] [お知らせ] 次回嫌儲会議は4月末 ※議題BOXを応接室に設置しました
[17:52:14] [お知らせ] 2/9 資源更新しました
[17:58:38] [ラウンジ]<dokurokamen> 4月下旬並みにあたたかい
 ---------- [2019:11:24]  ---------- 
[20:41:24] 嫌儲Minecraft部サーバへようこそ！
[20:41:24] == [プラグイン解説] == 
[20:41:24] ■ ローマ字→ひらがな変換が不要な場合 /japanize off と入力してください。
[20:41:24] ■ おみくじは /omikuji で引けます。内容は毎日24:00に変化します。
[20:41:24] ■ FastCraft+>導入しました。/fc toggle で使えるようになります。
[20:41:24] ※動作のおかしいプラグインや不具合があれば教えて下さい
[20:41:24] == [TOPICS] ==
[20:41:24] 2017.11.12 - 1.12.2になりました
[20:41:24] ================
[20:41:24] Corydoras81 joined the game
[20:41:32] [避難所]<vyxyvy> 変わった家もある
[20:42:17] [ラウンジ]<supportdesk> 避難所はメインとは違う独特の雰囲気があるよね
 ---------- [2019:11:24]  ---------- 
[20:44:22] 嫌儲Minecraft部サーバへようこそ！
[20:44:22] == [プラグイン解説] == 
[20:44:22] ■ ローマ字→ひらがな変換が不要な場合 /japanize off と入力してください。
[20:44:22] ■ おみくじは /omikuji で引けます。内容は毎日24:00に変化します。
[20:44:22] ■ FastCraft+>導入しました。/fc toggle で使えるようになります。
[20:44:22] ※動作のおかしいプラグインや不具合があれば教えて下さい
[20:44:22] == [TOPICS] ==
[20:44:22] 2017.11.12 - 1.12.2になりました
[20:44:22] ================
[20:44:22] Corydoras81 joined the game
[20:44:32] [通常]<supportdesk> 今は昔・・・
[20:44:43] [通常]<supportdesk> あれっもしかして修繕と棘の鎧って同居できなくなった？
[20:45:01] [避難所]<vyxyvy> 愛知の頃はサポートデスクさんがまともな人だと思ってた
[20:45:22] [通常]<supportdesk> 今もまともじゃないですか・・・
[20:49:21] [通常]<supportdesk> 私も愛知に居た頃は数年後んほ～とかへへ～いとか言いながら特定のプレイヤーを追いかけているとは思ってなかったよ
[20:49:31] [通常]<supportdesk> そう、わんわんが目の前に現れるまではね・・・
[20:50:12] [避難所]<vyxyvy> わんわんがまともな生活を送れない体にしておいて自分はまともだと主張するとは
[20:50:29] manaita3 joined the game
[20:50:31] [避難所]<vyxyvy> クリスタル融合までしておいて
[20:50:33] [Omikuji] manaita3は <末吉> 
[20:51:11] バックアップしています
[20:51:11] [避難所]<vyxyvy> この工場整地したところだったのか
[20:53:29] [避難所エンド]<supportdesk> クリスタル融合したらもう後戻りはできないね
[20:53:45] Complete.
[20:53:54] [避難所]<vyxyvy> sksim クリスタル融合
[20:53:54] [通常]<sksim> https://is.gd/QiRlLW
[20:54:00] [避難所エンド]<supportdesk> モンスターファームで冬眠中のモンスター同士を融合して新しいモンスターが生まれるてきな後戻りのできない行為だからね
[20:55:02] [Japanize]https://あめblお.jp/みlky-わy29/えんtry-12044337913.html?frm_いd=v.jpあめblお
[20:55:02] [避難所]<vyxyvy> https://ameblo.jp/milky-way29/entry-12044337913.html?frm_id=v.jpameblo
[20:55:28] [避難所エンド]<supportdesk> 消えたレムリアンシードについてブログには載せてなかったけど色々ありましたよ～(*´ω`* ) 問いかけると体の中と答える。向き合ってみると「発動させる？」と聞かれる。発動する！って意図したら、体中がじんわりじんわり強く強くじんわりレムリアンシードが光になり体中にその光が染みわたる～～
[20:55:35] [避難所エンド]<supportdesk> 大丈夫か？
[20:55:52] [避難所]<vyxyvy> ブーメラン
[20:57:31] [避難所]<carpet_23> 完全に逆向きに飛んでた
[21:00:43] [避難所]<tsumasakidachi> 誰もいない
[21:00:45] [避難所]<carpet_23> めちゃ深い
[21:00:59] [避難所]<tsumasakidachi> もう出発してたか
[21:01:05] [Japanize]まp
[21:01:05] [避難所]<wanwanchan> map
[21:01:05] [通常]<sksim> http://kenmomine.club:8123/
[21:01:08] [通常]<supportdesk> 準備中
[21:01:19] [通常]<supportdesk> あっもうすでに21時だ 準備してるばあいじゃねぇ
[21:01:44] [避難所]<kamesa> 歩いていくには遠い
[21:02:04] [避難所]<carpet_23> 試しに処理されて見るか
[21:02:30] <@> 
[21:02:54] [避難所]<wa3bi> 水流エレベータがまだ機能してないから
[21:03:07] [避難所]<wa3bi> 多分上りで溺死すると思う
[21:03:39] <carpet_23> 
[21:03:47] [避難所]<wa3bi> ｗ
[21:03:49] [通常]<carpet_23> 間に合わなかった
[21:04:18] [避難所]<wa3bi> 避難所大阪から真西に1km
[21:04:27] [通常]<carpet_23> ありがとう
[21:04:34] [避難所]<fubira> 湿地を超えたらもうすぐだ
[21:04:59] [避難所]<wa3bi> 真西ってほどでもないな
[21:05:06] [通常]<carpet_23> 大阪何処だ
[21:05:22] [避難所]<supportdesk> ラウンジからいける
[21:05:26] [通常]<carpet_23> あそっか
[21:05:43] [避難所]<supportdesk> おお
[21:05:45] [避難所]<fubira> 見えた
[21:05:49] [避難所]<kamesa> みえた
[21:06:22] [避難所]<supportdesk> ええすごいな
[21:06:45] [避難所]<supportdesk> さっきまで渓谷だったのに巨大な川になってる
[21:07:08] [避難所]<supportdesk> はいそれじゃあゆるーく避難所つあーやりますよ
[21:07:17] [避難所]<supportdesk> まずはここ なぞのTT
[21:07:18] [Japanize]ちゅるつあ-ず
[21:07:18] [避難所]<vyxyvy> tyurutua-zu
[21:07:20] torolavo joined the game
[21:07:22] [Japanize]ゆる
[21:07:22] [避難所]<vyxyvy> yuru
[21:07:26] [避難所]<fubira> お菓子はいくらまでですか
[21:07:32] [避難所]<vyxyvy> いくらでも！
[21:07:37] [Omikuji] torolavoは <末吉> 
[21:07:42] [避難所]<carpet_23> 遅刻だ
[21:07:42] [Japanize]ひ
[21:07:42] [通常]<torolavo> hi
[21:07:42] [通常]<sksim> hi
[21:07:44] [Japanize]ひ
[21:07:44] [ラウンジ]<ponco> hi
[21:07:44] [Japanize]ひ
[21:07:44] [避難所]<Corydoras81> hi
[21:07:45] [Japanize]ひ
[21:07:45] [ラウンジ]<nezunezukun00> hi
[21:07:45] [扉]<dbsknt> ひ
[21:07:46] [Japanize]とろ
[21:07:46] [避難所]<vyxyvy> toro
[21:07:47] [避難所]<wa3bi> い
[21:07:49] [Japanize]ひ
[21:07:49] [避難所]<wanwanchan> hi
[21:07:51] [避難所]<carpet_23> い
[21:07:57] [通常]<torolavo> イベント！
[21:07:57] [扉]<dbsknt> ざっと見てきたけどわからん
[21:08:19] [ラウンジ]<suku1> りりかちゃんはなんか揉めたみたいだから当分こないとおもう
[21:08:19] [避難所]<vyxyvy> ここはイカTTですか？
[21:08:28] [通常]<torolavo> 観光ですか
[21:08:32] [避難所]<vyxyvy> なぜ
[21:08:37] [避難所]<carpet_23> かなしい
[21:08:42] [Japanize]かわいそう
[21:08:42] [避難所]<wanwanchan> kawaisou
[21:08:45] [Japanize]つかれた
[21:08:45] [通常]<manaita3> tukareta
[21:08:48] [Japanize]ねよう
[21:08:48] [通常]<manaita3> neyou
[21:08:52] manaita3 left the game
[21:09:09] [避難所]<supportdesk> りりかちゃん定期的にもめるNE!
[21:09:31] [避難所]<vyxyvy> サポですさんが言うともめるが別の意味に見える
[21:09:35] [避難所]<tsumasakidachi> うお
[21:09:40] [ラウンジ]<Tosyabutu> 最近きてないと思ったらなんかあったのか
[21:09:40] [避難所]<supportdesk> そんな・・・
[21:10:00] [避難所]<tsumasakidachi> クッソ怖い
[21:10:04] [ラウンジ]<daniel_kun2> 揉める
[21:10:20] [避難所]<kamesa> 不気味な形してる
[21:10:24] [避難所]<vyxyvy> ダム穴みたいな怖さある
[21:10:25] [避難所]<suku1> この建物はなんですか
[21:10:33] [避難所]<wa3bi> 下向き水流なので潜るとなかなか上がってこれませんよ
[21:10:52] [避難所]<wa3bi> この建物はですねぇ
[21:10:54] [避難所]<carpet_23> 1.13なら泳ぐの早くなるから楽しみ
[21:11:11] [避難所]<tsumasakidachi> 俺自身がドラウンドになることだ
[21:11:12] [避難所]<fubira> なんかあったのか
[21:11:15] [避難所]<wa3bi> なんかすごい奴がとれるようになるTTです
[21:11:22] [避難所]<supportdesk> うおおお
[21:11:27] [避難所]<carpet_23> 槍も手に入るの？
[21:11:34] [避難所]<vyxyvy> なんかすごいやつTT
[21:11:35] [避難所]<wa3bi> 槍です
[21:11:41] [避難所]<kamesa> すごい
[21:11:43] [避難所]<vyxyvy> やりぃ！
[21:11:49] [避難所]<fubira> 槍の雨が降る
[21:11:58] [避難所]<wa3bi> 名前は「へ」で
[21:12:01] [Japanize]いかわいてる
[21:12:01] [避難所]<wanwanchan> ikawaiteru
[21:12:08] [避難所]<supportdesk> また異形のTTdayone
[21:12:27] [避難所]<torolavo> ここがわさびちゃんのお家ね
[21:12:45] [避難所]<fubira> ヤリ・イカ・わさび
[21:12:56] [避難所]<vyxyvy> おつまみせっと
[21:13:07] [避難所]<carpet_23> なんというか使用済み燃料のプールみたいな幹事する
[21:13:20] [避難所]<carpet_23> この不気味さ
[21:13:26] [避難所]<torolavo> 入り口がない
[21:13:26] [避難所]<vyxyvy> 青く光らせよう
[21:13:31] fubira left the game
[21:13:31] fubira joined the game
[21:13:44] [避難所]<carpet_23> 臨海してしまう
[21:14:11] [避難所]<supportdesk> つぎ
[21:14:13] [避難所]<supportdesk> http://kenmomine.club:8123/?worldname=hinanjyo&mapname=surface&zoom=6&x=-1331&y=64&z=-571
[21:14:16] [避難所]<supportdesk> きよしドーム
[21:14:31] [避難所]<vyxyvy> これきよしのなのか
[21:14:33] [避難所]<wa3bi> 近い
[21:14:52] [避難所]<fubira> 飛べない人いますか
[21:14:53] [避難所]<vyxyvy> 超！エキサイティン！
[21:14:56] [避難所]<carpet_23> かっこいい
[21:15:00] [避難所]<kamesa> こりさん
[21:15:03] [避難所]<carpet_23> とべる
[21:15:16] [避難所]<niji_neko> しぬかとおもった
[21:15:21] [避難所]<fubira> こりちゃん呼ぶ
[21:15:27] [避難所]<supportdesk> 施設が充実しているのが特徴
[21:15:32] [避難所]<fubira> 安全な場所は何処だ
[21:15:37] [避難所]<supportdesk> ここ
[21:15:49] [避難所]<wanwanchan> 不気味でこわい
[21:15:56] [避難所]<supportdesk> こたつ部屋とかあるよ
[21:16:04] [避難所]<vyxyvy> 小ネタがおおい
[21:16:04] [避難所]<fubira> こりちゃん呼んだ
[21:16:28] [避難所]<Corydoras81> ありがとうございます
[21:16:29] [避難所]<carpet_23> 最上階すごい
[21:16:42] [避難所]<fubira> 礼儀正しいBOT
[21:16:56] [避難所]<carpet_23> あいちゃんは敬語使えるの？
[21:16:56] [ラウンジ]<Super_AI> はい
[21:17:09] [避難所]<supportdesk> あるとき突然出来上がっていたイメージ
[21:17:11] [避難所]<torolavo> 光のコントラストが素敵
[21:17:13] [避難所]<carpet_23> あいちゃんも礼儀正しい
[21:17:13] [ラウンジ]<Super_AI> はい
[21:17:40] [避難所]<wa3bi> 湧いてる
[21:17:58] [避難所]<suku1> はやい
[21:18:01] [避難所]<wanwanchan> 動きがはやい
[21:18:01] [避難所]<supportdesk> 避難所は秘境がおおいのでご注意を
[21:18:14] [避難所]<wa3bi> 謎挙動
[21:18:32] [避難所]<carpet_23> ここでオクも良いな
[21:18:48] [避難所]<supportdesk> よいね
[21:18:56] [避難所]<fubira> 次回嫌儲会議の開催場所も探してる
[21:19:12] [避難所]<supportdesk> 続いて造船所のある町
[21:19:20] [避難所]<supportdesk> http://kenmomine.club:8123/?worldname=hinanjyo&mapname=surface&zoom=5&x=-1391&y=64&z=-255
[21:19:41] [避難所]<carpet_23> 南だ
[21:20:09] [避難所]<supportdesk> おお まともな教会だ
[21:20:11] [避難所]<tsumasakidachi> あっ・・
[21:20:16] [避難所]<fubira> こりちゃん呼び出し
[21:20:26] [避難所]<suku1> どらえもん
[21:20:27] [避難所]<torolavo> 黒い十字架
[21:20:28] [避難所]<supportdesk> まともな教会というか オレンジ教でも 羊聖教でもない教会だ
[21:20:37] [避難所]<vyxyvy> ドラえもん！
[21:20:43] [避難所]<Corydoras81> ありがとうございます
[21:20:45] [避難所]<hyakumaki> おはようございます
[21:20:51] [避難所]<wanwanchan> おは
[21:20:51] [扉]<dbsknt> 今起きたの？ ひゃくまきちゃん
[21:20:55] [避難所]<vyxyvy> おはようございます
[21:20:57] [通常]<kiyoshifone> イベント！
[21:20:58] [扉]<dbsknt> 開催中のも含めてそれっぽいのはない
[21:20:59] [扉]<dbsknt> 今起きたの？ ビクシビーちゃん
[21:21:00] [避難所]<suku1> どらえもんこんなとこにも拠点あったのか
[21:21:03] [避難所]<carpet_23> 知らない人の教会だ
[21:21:07] [Japanize]thえた_k's
[21:21:07] [避難所]<torolavo> theta_k's
[21:21:11] [ラウンジ]<daniel_kun2> 暖かさで冬眠から目覚めたくま
[21:21:17] [避難所]<niji_neko> レアヘッド
[21:21:18] [避難所]<supportdesk> ふたりで仲良く建築していたのだろう・・・
[21:21:18] [扉]<dbsknt> さぽさんがいなくなってる
[21:21:31] [避難所]<supportdesk> つあーだからね
[21:21:33] [避難所]<vyxyvy> induzierはドラえもんスキン
[21:21:40] [避難所]<fubira> 避難所ではおなじみのドラえもん
[21:21:44] [避難所]<supportdesk> 村長選挙が公明党と幸福実現党しかない・・・
[21:21:46] [扉]<dbsknt> 今日何かあったの
[21:21:46] [避難所]<niji_neko> でも石塀ってけっこうあと
[21:21:54] [避難所]<supportdesk> とっぱついべんと
[21:21:57] [避難所]<fubira> 突発避難所巡り
[21:22:04] [避難所]<hyakumaki> まだ始まったばっかり？
[21:22:10] [避難所]<supportdesk> Un
[21:22:20] [避難所]<vyxyvy> まだ3つ目
[21:22:21] [通常]<kiyoshifone> supportdeskちゃんは何処ですか？
[21:22:21] [扉]<dbsknt> hinanjyo の [x:-1360, y:66, z:-286] にいる
[21:22:21] [扉]<dbsknt> http://kenmomine.club:8123/?worldname=hinanjyo&zoom=3&x=-1360.0&y=66.0&z=-286.0
[21:22:40] [避難所]<fubira> きよしモニュメントも見てきたよ
[21:22:46] [避難所]<torolavo> この階段と柵の壁いいな
[21:22:54] [扉]<dbsknt> なあにそれ
[21:22:55] [避難所]<niji_neko> 旧村人
[21:23:00] [避難所]<supportdesk> きよしドーム
[21:23:04] [避難所]<vyxyvy> への字TT➡きよしドーム➡ドラえもん村
[21:23:06] [避難所]<carpet_23> 防音壁
[21:23:07] [避難所]<suku1> どらえもんは避難所できる前くらいに来た人だな
[21:23:10] [避難所]<fubira> http://kenmomine.club:8123/?worldname=hinanjyo&mapname=surface&zoom=6&x=-1339&y=64&z=-583
[21:23:12] [避難所]<fubira> これ
[21:23:12] [避難所]<hyakumaki> 旧村人は貴重
[21:23:33] [扉]<dbsknt> ああこの入り口のない部屋がある…
[21:23:48] バックアップしています
[21:23:51] [避難所]<supportdesk> これ何か知ってる人居る？
[21:23:54] [避難所]<supportdesk> http://kenmomine.club:8123/?worldname=hinanjyo&mapname=surface&zoom=6&x=-878&y=64&z=-358
[21:24:02] [避難所]<supportdesk> TTだったら飛ばすけど
[21:24:08] [避難所]<hyakumaki> TTかな
[21:24:14] [避難所]<suku1> はじめてみた
[21:24:14] [避難所]<fubira> しらない
[21:24:15] [避難所]<wa3bi> クリーパーTT
[21:24:25] [避難所]<wa3bi> temtacさんのだと思う
[21:24:30] [避難所]<supportdesk> 知らない人多いし見学にいこっか
[21:24:34] [避難所]<carpet_23> この噴水地下がある
[21:24:38] [避難所]<supportdesk> マジ？
[21:24:45] [避難所]<torolavo> 隠し金庫だ
[21:24:56] [避難所]<supportdesk> 上るのがめんどうくさそう
[21:24:59] [避難所]<fubira> 噴水地下よいよね・・・
[21:25:11] [避難所]<torolavo> ただの洞窟でした
[21:25:15] [避難所]<supportdesk> これが現実
[21:25:29] [避難所]<carpet_23> きっと何かこれから作るんだ…
[21:25:32] [避難所]<niji_neko> プサン港
[21:25:35] [避難所]<supportdesk> ・・・
[21:25:46] [避難所]<suku1> いきどまり
[21:25:48] [避難所]<vyxyvy> ドラえもんが一本一本たいまつを置いて丹念にわきつぶした洞窟
[21:25:51] [避難所]<supportdesk> ｗｗｗ
[21:25:55] [避難所]<suku1> 塞いだ跡がある
[21:26:00] [避難所]<kamesa> ...
[21:26:11] [避難所]<niji_neko> 大作カラーなのはなんかあるのかな
[21:26:22] Complete.
[21:26:37] [避難所]<suku1> 公明党と幸福実現党が争ってるから
[21:26:42] [避難所]<supportdesk> 脱出
[21:26:55] [避難所]<supportdesk> それじゃあお次はなぞの天空TT
[21:26:57] [避難所]<niji_neko> なるほど
[21:26:58] [Japanize]とほでのぼれる
[21:26:58] [避難所]<vyxyvy> tohodenoboreru
[21:27:10] [避難所]<torolavo> 東だな
[21:27:11] [避難所]<fubira> いきどまりだった
[21:28:09] orange17333 joined the game
[21:28:09] [避難所]<carpet_23> めちゃめちゃ高いとこにあるな
[21:28:18] [Omikuji] orange17333は <吉> 
[21:28:27] [避難所]<supportdesk> 使い方がわからん
[21:28:27] [避難所]<carpet_23> オレンジさんこんにちは！
[21:28:30] [Omikuji] daniel_kun2は <吉> 
[21:28:35] [避難所]<suku1> こんにちは！
[21:28:41] [ラウンジ]<orange17333> はいこんにちは
[21:28:44] [ラウンジ]<daniel_kun2> こんにちは！
[21:28:44] [避難所]<vyxyvy> 柑橘王さんこんにちは！
[21:28:52] [避難所]<torolavo> こんにちは！
[21:28:57] [避難所]<niji_neko> ぽんかｎ
[21:29:02] [ラウンジ]<orange17333> 本日はお日柄もよく
[21:29:12] [避難所]<carpet_23> マグマブロックってことは最近なのかな
[21:29:26] [避難所]<tsumasakidachi> 適当にスイッチ推してたら動くやろ
[21:29:28] [避難所]<supportdesk> 火薬TTっぽい
[21:29:42] [ラウンジ]<daniel_kun2> 避難所住民のオレンジさんや
[21:29:52] [避難所]<wanwanchan> 下にエンドポータルがある
[21:30:10] [避難所]<niji_neko> あっ
[21:30:20] [避難所]<fubira> 見覚えがあるようなないような
[21:30:20] [避難所]<torolavo> 生えんぽ？
[21:30:23] [避難所]<niji_neko> 一か所マグマあってあぶない
[21:30:29] <hyakumaki> 
[21:30:33] [避難所]<torolavo> あ
[21:30:35] [Japanize]ふck
[21:30:35] [通常]<hyakumaki> fuck
[21:30:39] [避難所]<tsumasakidachi> エンド直送システムなのかな
[21:30:43] [避難所]<wa3bi> 生えんぽ
[21:30:54] [Japanize]まp
[21:30:54] [ラウンジ]<orange17333> map
[21:30:54] [避難所]<wa3bi> なるほどぉ
[21:30:54] [通常]<sksim> http://kenmomine.club:8123/
[21:30:56] [避難所]<fubira> ひゃくまきよぶよ
[21:30:59] [ラウンジ]<daniel_kun2> 毛が生えんぽ
[21:31:00] [Japanize]おなしゃす
[21:31:00] [通常]<hyakumaki> onasyasu
[21:31:13] [避難所]<fubira> かーぺったんがひろったかな
[21:31:22] [ラウンジ]<orange17333> またよくわからんとこに集まってるな
[21:31:31] [避難所]<supportdesk> よし
[21:31:36] [避難所]<torolavo> あぶねえ
[21:31:53] [避難所]<supportdesk> 事故注意
[21:32:22] [避難所]<supportdesk> 次 不死鳥の城とチェスゲーム
[21:32:24] [避難所]<supportdesk> http://kenmomine.club:8123/?worldname=hinanjyo&mapname=surface&zoom=6&x=-255&y=64&z=-178
[21:32:34] [避難所]<torolavo> 東南東
[21:32:35] [避難所]<niji_neko> てむたくねこ
[21:32:40] [避難所]<hyakumaki> wasabiちゃん斧拾ってない？
[21:32:49] [避難所]<carpet_23> あもってる
[21:32:50] [避難所]<wa3bi> ない
[21:32:59] [避難所]<carpet_23> 渡してなかった
[21:33:00] [Japanize]thx
[21:33:00] [避難所]<hyakumaki> thx
[21:33:07] [避難所]<supportdesk> 途中にペガサス城がある
[21:33:21] [避難所]<torolavo> これまたでかい
[21:33:34] [避難所]<supportdesk> これペガサスなの？
[21:33:37] [避難所]<fubira> メルヘン
[21:33:51] [避難所]<tsumasakidachi> ペガサスは何ですか？
[21:33:54] [扉]<dbsknt> ペガサスはペガサスだろ
[21:34:02] [避難所]<tsumasakidachi> そうだな
[21:34:03] [避難所]<carpet_23> 疾走感のある姿だ
[21:34:06] [避難所]<supportdesk> イイネ
[21:34:08] [避難所]<hyakumaki> 参りtポルポに―
[21:34:10] [避難所]<vyxyvy> ぺがさすは何ですか？
[21:34:11] [扉]<dbsknt> ぺがのさすよ♥
[21:34:13] [避難所]<hyakumaki> マイリトルポニー
[21:34:31] [避難所]<supportdesk> 不死鳥の城も含め独特のセンスがある
[21:34:37] [避難所]<vyxyvy> ぺガサスは何ですか？
[21:34:37] [扉]<dbsknt> ぺのガサスよ♥
[21:35:08] [避難所]<wa3bi> これも同じ人が作ったの
[21:35:20] [避難所]<supportdesk> そう
[21:35:35] [避難所]<supportdesk> いつの間にかできていた印象がある
[21:35:37] [Omikuji] poteitoooは <大吉> by Super_AI
[21:35:56] [避難所]<carpet_23> 今やエリトラでひとっ飛びだけど昔は登るのも一興だったんだな
[21:35:59] [避難所]<fubira> 作者名の痕跡がない
[21:36:02] [避難所]<vyxyvy> お花畑もある
[21:36:17] [避難所]<supportdesk> 観光は早くなったね かつては命がけだった気もする
[21:36:36] [避難所]<supportdesk> 確かチェス盤のわきに作業事務所があったような・・・
[21:36:45] [避難所]<vyxyvy> 馬と鉄道が主要な交通手段だった
[21:37:06] [避難所]<supportdesk> sancalさん
[21:37:11] [避難所]<carpet_23> いつかリアルでもドローンでお出かけするのかな
[21:37:13] [避難所]<fubira> ああ～
[21:37:15] [避難所]<suku1> このチェス盤かなり前からあったよね
[21:37:37] [避難所]<tsumasakidachi> バットマンとチェスをした思い出
[21:37:40] [避難所]<supportdesk> クォーツがある当たり超古代でもないんだなって感じはする
[21:37:54] [避難所]<supportdesk> リフォームしたのかな？ 前からこうだっけ
[21:38:10] [避難所]<fubira> ぞんびおる
[21:38:19] [避難所]<vyxyvy> クオーツ前からあったような気がする
[21:38:20] [避難所]<suku1> こんなにメルヘンではなかった気もする
[21:38:45] [避難所]<carpet_23> 無傷でスケルトン倒したい
[21:38:52] [避難所]<supportdesk> http://kenmomine.club:8123/?worldname=hinanjyo&mapname=surface&zoom=4&x=274&y=64&z=-66
[21:38:59] [避難所]<supportdesk> 前丸石とかだったような気がするんだよな
[21:39:07] [避難所]<supportdesk> 次 文化都市飛鳥
[21:39:19] [避難所]<vyxyvy> 地味に飛鳥に近い
[21:39:27] [避難所]<wa3bi> ここ初めて来た
[21:39:29] [避難所]<tsumasakidachi> ひ・・飛鳥
[21:39:48] [避難所]<supportdesk> 避難所時代一瞬だけ盛り上がって一瞬で住人が消えた飛鳥
[21:39:48] [避難所]<carpet_23> 歩いていける
[21:39:51] [避難所]<torolavo> 観光ってかんじだ
[21:39:55] [避難所]<niji_neko> ×羊 間違い
[21:40:00] [避難所]<fubira> のぼれない
[21:40:09] [避難所]<supportdesk> 茶色の羊はシカらしい
[21:40:11] [避難所]<wanwanchan> 鹿みたいな羊すき
[21:40:12] [避難所]<hyakumaki> 複数人のテーマ建築が成功した珍しい例
[21:40:21] [避難所]<fubira> こりちゃん呼ぼう
[21:40:22] [避難所]<vyxyvy> うわあ鹿がいっぱいだぁ
[21:40:35] [避難所]<carpet_23> せんべいをあげよう
[21:40:49] [避難所]<niji_neko> うちの旗がなんかおいてある
[21:40:55] [避難所]<niji_neko> なんでだろ
[21:41:11] [避難所]<supportdesk> せいん寺 こまいぬ邸
[21:41:17] [避難所]<supportdesk> ぶわっ(´；ω；｀)
[21:41:24] [避難所]<fubira> ぎうらすの部屋もある
[21:41:39] [避難所]<fubira> もはや古代文明
[21:41:42] [ラウンジ]<nekonekokun> 名前しか知らない面々だ
[21:41:44] [避難所]<torolavo> 懐かしいメンツ
[21:41:49] [避難所]<supportdesk> なんだあれきもい
[21:42:05] [避難所]<vyxyvy> 飛鳥の鉄道に乗ってると葉っぱに擬態した野蛮な原住民が雪を投げてくる
[21:42:26] [避難所]<suku1> 迷彩服来て木の上に隠れる
[21:42:27] [避難所]<supportdesk> 飛鳥って鉄道も結構凝って作ってたよね
[21:42:41] [避難所]<supportdesk> 駅近くになると攻撃されるんだよね
[21:42:50] [避難所]<vyxyvy> 擬態セットがどこかにあるはず
[21:42:57] [避難所]<suku1> きのうえにある
[21:43:14] [避難所]<supportdesk> このころの協会はオレンジ色じゃないね！
[21:43:36] [避難所]<carpet_23> ちゃんとせんべい売ってた
[21:43:40] [避難所]<suku1> これ建てたのわたしだから改宗するのも有りだな
[21:43:50] [避難所]<supportdesk> それはいけない
[21:43:57] [避難所]<vyxyvy> まだカボチャ教がはびこっていて誰も信仰してなかったころ
[21:44:07] [避難所]<fubira> AI教をつくろう
[21:44:15] [避難所]<suku1> 北の方に弓道場もあるよ
[21:44:20] [避難所]<supportdesk> かぼちゃ教とかいう密教が跋扈していたからね 恐ろしい時代でしたわ
[21:44:25] [避難所]<tsumasakidachi> 機械学習が導く心理
[21:44:35] [避難所]<tsumasakidachi> 真理
[21:44:43] [避難所]<carpet_23> 弓道場どこだろ
[21:44:51] [避難所]<vyxyvy> 東のほう
[21:44:55] [避難所]<supportdesk> テーマありの計画都市としてはかなりな規模な気がする
[21:44:56] [避難所]<fubira> 全知全能の神を機械学習で生み出すのだ
[21:45:25] [避難所]<supportdesk> 続けまして
[21:45:37] [避難所]<supportdesk> おっ旧堂場あった
[21:45:38] [避難所]<suku1> https://i.imgur.com/ZdPdUHZ.png
[21:45:51] [避難所]<supportdesk> 蛮族
[21:46:01] [避難所]<carpet_23> そっちか
[21:46:08] [避難所]<torolavo> おお
[21:46:16] [避難所]<supportdesk> 結構再現度が高い
[21:46:35] [避難所]<fubira> ここ知らんかった
[21:46:56] [避難所]<supportdesk> 避難所はやることがなくて弓道とかやってたね
[21:47:07] [避難所]<suku1> たしか初段の認定条件とかあったんだよな
[21:47:15] [避難所]<supportdesk> ぼくをねらうのはさぽ道だよ
[21:47:21] [避難所]<carpet_23> 年輪が的なのいいね
[21:47:30] [避難所]<torolavo> わんちゃんをつけ回すのはハフ道
[21:47:50] [避難所]<supportdesk> ヤバいと思ったが抑えきれなかった
[21:47:54] [避難所]<tsumasakidachi> なんかタイムアタックだったような気がする
[21:48:20] [避難所]<supportdesk> つづきまして スイカ娘と スラム都市として再開発しようとして失敗した愛知県
[21:48:27] [避難所]<supportdesk> http://kenmomine.club:8123/?worldname=hinanjyo&mapname=surface&zoom=5&x=492&y=64&z=242
[21:48:51] [避難所]<supportdesk> んなんだっけここ
[21:48:52] [避難所]<suku1> 時間内に5つの的に矢を射って○点以上で認定とかだったはず
[21:48:58] [避難所]<torolavo> 目的地とはちがうけど気になる
[21:49:06] [Japanize]いさら787
[21:49:06] [避難所]<torolavo> isara787
[21:49:07] [避難所]<supportdesk> いさらタワーだ
[21:49:13] [避難所]<supportdesk> こここんなんだっけ
[21:49:35] [避難所]<vyxyvy> 道中謎の建物が見つかる避難所ツアーの魅力
[21:50:04] [避難所]<supportdesk> こっちきちゃったし ちょっと愛知県は後回しにしよう
[21:50:08] [避難所]<fubira> 農産物が育ちかけということは長年誰も足を踏み入れていないんだな
[21:50:08] [避難所]<vyxyvy> キリストだ
[21:50:09] [避難所]<torolavo> 複数人で建てたのかな
[21:50:32] [避難所]<suku1> 過疎地
[21:50:52] [避難所]<supportdesk> ここまで人工集まったの初ではないだろうか
[21:50:56] [避難所]<torolavo> 作りかけっぽい
[21:51:02] [避難所]<supportdesk> デザインがなかなかよい
[21:51:28] [避難所]<carpet_23> 狼のオーナー情報がいつまでもUUIDだ
[21:51:28] [避難所]<temtac> 宗教施設っぽい
[21:51:38] [避難所]<carpet_23> あ、でた
[21:51:49] [避難所]<supportdesk> 飛鳥から道を敷こうとした痕跡もある(´；ω；｀)
[21:52:12] [避難所]<supportdesk> いさらさんたまにいるような印象あるけど 実際数年くらい来てないんだろうなぁ
[21:52:29] [避難所]<supportdesk> それでは進路をちょっと変更しまして
[21:52:31] [避難所]<fubira> 何年か前に見たきはするけど何年前かは覚えていない
[21:52:31] [避難所]<supportdesk> http://kenmomine.club:8123/?worldname=hinanjyo&mapname=surface&zoom=5&x=1588&y=64&z=20
[21:52:45] [避難所]<supportdesk> けんもさば世界遺産限界高度ピラミッド
[21:52:50] [避難所]<torolavo> でかいなこれ？
[21:52:56] [Japanize]こんなのあったのか
[21:52:56] [避難所]<vyxyvy> konnnanoattanoka
[21:53:12] [避難所]<temtac> いつのまにか完成してた
[21:53:33] [避難所]<niji_neko> ちかよるとにげちゃうひとだったきもする
[21:53:37] [避難所]<torolavo> これ登るの大変なやつだ
[21:53:44] [避難所]<vyxyvy> マジカヨ
[21:53:49] [避難所]<fubira> dom1gp
[21:54:00] [避難所]<wanwanchan> 誰かコンタクト失敗してた気がした
[21:54:01] [避難所]<vyxyvy> 整地より労力やばい
[21:54:08] [避難所]<supportdesk> 私も建築中何度かコンタクトを試みたんだけど
[21:54:11] [避難所]<fubira> 心の中でいつもドムワングランプリって読んでた
[21:54:16] [避難所]<tsumasakidachi> 限界高度まであったのか
[21:54:16] [避難所]<supportdesk> 近づくとログアウトしてしまう
[21:54:25] [避難所]<carpet_23> メタルスライムだ
[21:54:31] [避難所]<carpet_23> うわでか
[21:54:32] [ラウンジ]<orange17333> シャイすぎわろた
[21:54:33] [避難所]<supportdesk> そしてピラミッドが完成すると同時に姿を消した謎の人だよ
[21:54:36] [避難所]<niji_neko> ソロ開拓民
[21:54:46] [避難所]<niji_neko> ネザーとかにもけっこう開拓跡がある
[21:54:52] [避難所]<supportdesk> ここは彼の勲章でもあり墓標ともいえるね・・・
[21:54:52] [ラウンジ]<Super_AI> [hyakumaki] ある意味ケンモメンらしい
[21:54:58] [避難所]<suku1> 2016-01-26 [17:23:37] [Client thread/INFO]: [CHAT] isara787 left the game.
[21:55:08] [ラウンジ]<sakku32> ピラミッドの精霊さんなの
[21:55:09] [避難所]<supportdesk> 3年前か・・・
[21:55:38] [避難所]<Tosyabutu> パワーが得られそう
[21:55:41] [避難所]<vyxyvy> 避難所はみんな好き勝手やってていいね
[21:55:46] [避難所]<torolavo> 東に入口がある
[21:55:48] [避難所]<kamesa> 2016-05-16完成
[21:55:51] [避難所]<supportdesk> これメインの変な場所でやったらアレだからね
[21:55:55] [避難所]<wanwanchan> 狂気
[21:55:56] [避難所]<carpet_23> 砂岩の量が多すぎる
[21:56:03] [避難所]<suku1> でかすぎて描画されない
[21:56:03] [避難所]<supportdesk> 避難所だから許される説ある
[21:56:09] [避難所]<fubira> ここジャンプしてるとAn ode to earthの雪山登ってるシーンを思い出す
[21:56:26] バックアップしています
[21:56:26] [避難所]<supportdesk> エリトラで飛んでもてっぺんなかなか見えなくて笑う これをエリトラがない時代に積んでたからね
[21:56:32] [ラウンジ]<nekonekokun> これ完成してからは来てない感じかな
[21:56:33] [避難所]<vyxyvy> 描画最大にしてもピラミッドの端がみえない
[21:56:33] [避難所]<niji_neko> 都市が内包できる
[21:56:43] [避難所]<supportdesk> 完成して以来見てない
[21:56:45] [避難所]<carpet_23> ゔぉーすげ
[21:56:53] [ラウンジ]<sakku32> 通常世界も海くり抜かれたりしてるから場所次第じゃね
[21:57:13] [避難所]<supportdesk> ピラミッド地下神秘的過ぎて笑う
[21:57:14] [避難所]<carpet_23> これが火星ですか
[21:57:26] [避難所]<torolavo> 海くり抜くのって大体途中で放棄されてる気がする
[21:57:43] [ラウンジ]<orange17333> ぼくはtorolavoさんと頑張りました
[21:58:00] [避難所]<torolavo> そんなこともあった
[21:58:04] [避難所]<supportdesk> 今回オレンジ教の聖地のセントオレンジアイランドも経由しますよ
[21:58:17] [避難所]<torolavo> 透明ポーション禁止されてなかったから
[21:58:26] [避難所]<torolavo> 姿の見えない誰かが遊びに来てて怖かった
[21:58:47] [ラウンジ]<sakku32> オレンジさんのTT壊れたような
[21:58:50] [避難所]<carpet_23> このピラミット登る競争したい
[21:59:02] [避難所]<supportdesk> げんなりしそう
[21:59:08] Complete.
[21:59:18] [避難所]<suku1> 2017-12-12 [12:48:49] [main/INFO]: [CHAT] Dom1gp left the game
[21:59:22] [避難所]<fubira> ガラス焼いてる途中だ
[21:59:23] [避難所]<vyxyvy> 最上階に100ダイヤ
[21:59:36] [避難所]<wa3bi> もう1年来てないのか
[21:59:38] [Japanize]おいてきょうそう
[21:59:38] [避難所]<vyxyvy> oitekyousou
[21:59:40] [ラウンジ]<orange17333> 現在の通貨価値に換算すると
[21:59:54] [避難所]<daniel_kun2> 内部も広すぎて気持ち悪い
[21:59:57] [ラウンジ]<orange17333> 補完されたのかと思った
[21:59:58] [避難所]<supportdesk> これ1年くらい作ってた
[22:00:06] [避難所]<supportdesk> ような気がする
[22:00:18] [避難所]<supportdesk> シュルボもない時代にコツコツコツコツと・・・
[22:00:31] [避難所]<carpet_23> この量の砂岩集めるの大変だ
[22:00:37] [避難所]<supportdesk> つづいて巨大建築繋がり
[22:00:41] [避難所]<supportdesk> http://kenmomine.club:8123/?worldname=hinanjyo&mapname=surface&zoom=5&x=956&y=64&z=475
[22:00:46] [避難所]<supportdesk> りんごフリスビー
[22:01:00] [Japanize]なによこれ
[22:01:00] [避難所]<vyxyvy> naniyokore
[22:01:30] [Japanize]UFO
[22:01:30] [避難所]<torolavo> UFO
[22:01:41] [Japanize]うふぉ
[22:01:41] [避難所]<wa3bi> ufo
[22:01:44] [ラウンジ]<orange17333> jamが作ってなかったっけ
[22:01:46] [Japanize]うふぉ
[22:01:46] [避難所]<daniel_kun2> ufo
[22:01:50] [避難所]<supportdesk> じゃむさんが作った謎の円盤 巨大なのが特徴
[22:01:52] [避難所]<fubira> そうここはjamu
[22:02:01] [避難所]<sakku32> PVP施設になる予定だったもの
[22:02:22] [避難所]<suku1> じゃむぱん
[22:02:23] [避難所]<supportdesk> この規模のPVP施設とは
[22:02:25] [Japanize]そうだったのか
[22:02:25] [避難所]<wa3bi> soudattanoka
[22:02:26] [避難所]<carpet_23> すげぇ
[22:02:35] [避難所]<torolavo> じゃむぱんじゃむ抜き
[22:02:40] [避難所]<vyxyvy> ザウスみたい
[22:02:43] [避難所]<wanwanchan> 広すぎる
[22:02:44] [避難所]<tsumasakidachi> UFOはただの屋根で地上がPVP施設って聞いた記憶
[22:02:45] [避難所]<fubira> PCG鯖が立ち上がる直前ぐらいに作ってた
[22:02:53] [避難所]<supportdesk> これ屋根なのかよ・・・
[22:03:09] [Japanize]ひろい
[22:03:09] [避難所]<daniel_kun2> hiroi
[22:03:18] [避難所]<carpet_23> 当時からsポンジあったの
[22:03:23] [避難所]<tsumasakidachi> 暗くして敵がわくPVP施設とかって言ってたような
[22:03:34] [避難所]<supportdesk> なるほどね・・・
[22:03:43] [避難所]<supportdesk> このスポンジは多分スポンジ革命産
[22:03:47] [避難所]<vyxyvy> スポンジは革命後のフリー建材
[22:03:52] [避難所]<sakku32> 当時は自販機で取り放題だったような
[22:04:11] [避難所]<supportdesk> 今思うとスポンジ1個3000ダイヤだっけ？ 狂気だったよね
[22:04:17] [避難所]<torolavo> 富豪の象徴 1dia
[22:04:36] [避難所]<carpet_23> こんだけでかいの一つは建ててみたい
[22:04:37] [避難所]<vyxyvy> バブル
[22:04:40] [避難所]<fubira> まあビットコインも似たようなもので
[22:04:53] [避難所]<supportdesk> http://kenmomine.club:8123/?worldname=hinanjyo&mapname=surface&zoom=5&x=492&y=64&z=242
[22:05:03] [避難所]<supportdesk> それでは進路を戻しまして、スイカ娘と スラム都市として再開発しようとして失敗した愛知県
[22:05:50] [避難所]<supportdesk> スイカ娘ちゃんまじかわいくてオススメ
[22:06:02] [避難所]<tsumasakidachi> でかい
[22:06:06] [避難所]<fubira> ここならコリドラちゃんを呼んでも安心
[22:06:08] [避難所]<carpet_23> 大人だ
[22:06:12] [避難所]<torolavo> スイカ娘のスって何
[22:06:18] [避難所]<wa3bi> でかい
[22:06:25] [避難所]<niji_neko> ぼいんぼいん
[22:06:27] [避難所]<vyxyvy> 中国銀行タワーっぽいのをたてたらスケール的に微妙になった
[22:06:32] [避難所]<supportdesk> うーんでかい
[22:06:43] [避難所]<wanwanchan> スイカ
[22:06:50] [避難所]<niji_neko> たにま
[22:07:10] [避難所]<supportdesk> りすとんさんのこだわり嫌いじゃないよ・・・
[22:07:18] [避難所]<sakku32> 愛知の空にある建物はサポさんとハッチさんの愛の巣だから
[22:07:23] [避難所]<carpet_23> 目の作り込みこうなってるんだ
[22:07:26] [避難所]<fubira> ドラえもんが見える
[22:07:30] [避難所]<sakku32> 覚えておこう
[22:07:34] [避難所]<suku1> 股間入場のこだわり
[22:07:34] [避難所]<Tosyabutu> これはケツから入れない
[22:07:42] [避難所]<supportdesk> マジ？
[22:07:48] [避難所]<niji_neko> すいかがあるから
[22:07:54] [避難所]<wa3bi> この建物ってサポサンのだったの
[22:08:21] [避難所]<supportdesk> かぼちゃ城買うまではちさんとふたりで済んでたね
[22:08:42] [避難所]<niji_neko> 澄んでるところはおしゃれなのになあ
[22:08:47] [避難所]<wanwanchan> ここ初めて来た
[22:08:57] [避難所]<carpet_23> おしゃれ
[22:09:01] [避難所]<supportdesk> 懐かしいね・・・(´；ω；｀)
[22:09:02] [避難所]<fubira> 心がおしゃれじゃない
[22:09:04] [避難所]<sakku32> わんちゃん住む？
[22:09:15] [避難所]<wanwanchan> いいや
[22:09:16] [避難所]<supportdesk> この当時は清らかだったから汚染されてないと思う
[22:09:24] [避難所]<supportdesk> たしかその後さっくさんに売ったような・・・
[22:09:24] [避難所]<carpet_23> 結局わんちゃんの家はあるんだろうか
[22:09:26] [避難所]<wa3bi> 今はもう
[22:09:31] [避難所]<niji_neko> ごはんください
[22:09:34] [避難所]<sakku32> サポさんからオクで権利買ったから住みたければ住んで良いよ
[22:09:55] [避難所]<wa3bi> 今はサックさんのなのか
[22:10:07] [避難所]<niji_neko> 自分もさぽさんから何個か物件かってるきがする
[22:10:39] [避難所]<supportdesk> あいちにスラムの移設を！！
[22:10:46] [避難所]<wanwanchan> はっちさんなんで来なくなっちゃったの
[22:10:46] [避難所]<sakku32> 使う予定とかないのに買ってる
[22:10:49] [避難所]<supportdesk> ～愛知県広報～
[22:10:53] [避難所]<niji_neko> スラムってのは自然発生するものだから
[22:11:06] [避難所]<supportdesk> はっちさんはPCのない環境にぶち込まれてしまったんだ
[22:11:15] [避難所]<niji_neko> はっきょうしそう
[22:11:18] [避難所]<fubira> ここにスラム移設するとラウンジに新スラムができそう
[22:11:21] [避難所]<suku1> そんなの耐えられない
[22:11:30] [避難所]<niji_neko> だれかたべものください
[22:11:31] [避難所]<vyxyvy> 人口過多と貧困を作らなければスラムはできない
[22:11:32] [避難所]<sakku32> 前に九龍をどこかに作ってたけど壊したんだっけ
[22:11:32] [避難所]<supportdesk> いちおうれんらくはとれる
[22:11:43] [避難所]<niji_neko> ありがとう！
[22:11:51] [避難所]<niji_neko> タスカル！
[22:11:51] [避難所]<carpet_23> このお家どうやって出るの
[22:12:00] [避難所]<wanwanchan> かわいそう
[22:12:01] [避難所]<supportdesk> 噴水の裏に扉がある
[22:12:16] [避難所]<supportdesk> 詰まってて笑う
[22:12:20] [避難所]<carpet_23> 殺到してる
[22:12:57] [避難所]<supportdesk> 続きまして！ みなさま大変お待たせしました！！！ オレンジ教の聖地その1が登場です！ セイントオレンジモニュメント
[22:13:04] [避難所]<supportdesk> http://kenmomine.club:8123/?worldname=hinanjyo&mapname=surface&zoom=8&x=256&y=64&z=403
[22:13:05] [Japanize]うおおおおおおおおおおおおおおおおおおおおおお
[22:13:05] [避難所]<vyxyvy> uoooooooooooooooooooooo
[22:13:18] [避難所]<vyxyvy> THE神殿
[22:13:43] [避難所]<suku1> 聖地
[22:13:48] [避難所]<supportdesk> 入口からはいろう
[22:13:49] <@> 
[22:13:56] [避難所]<vyxyvy> 目の前にオレンジ植えちゃお
[22:13:58] [避難所]<supportdesk> orange17333のhouse りんご
[22:14:11] [ラウンジ]<orange17333> 集団空き巣だ!
[22:14:21] [避難所]<suku1> 巡礼だからセーフ
[22:14:23] <@> 
[22:14:24] [避難所]<supportdesk> あっわたなべヘッドと3rdSaintsヘッドだ
[22:14:27] <@> 
[22:14:29] [避難所]<Tosyabutu> よく燃えそうな家
[22:14:30] <@> 
[22:14:31] [避難所]<vyxyvy> 聖遺物をさがせ！
[22:14:32] <@> 
[22:14:34] <@> 
[22:14:35] <@> 
[22:14:36] <@> 
[22:14:55] [避難所]<vyxyvy> 聖なる金インゴットが大量に！
[22:14:56] [避難所]<torolavo> 金だ
[22:14:57] [避難所]<niji_neko> おれんじさんの匂いがする
[22:14:59] [避難所]<supportdesk> こんなかわいいおうち作るのがいまや教祖だからね
[22:15:00] <@> 
[22:15:09] [避難所]<carpet_23> 時代は金
[22:15:13] [ラウンジ]<orange17333> 大したもんはなかったとおもう
[22:15:16] <@> 
[22:15:25] [避難所]<vyxyvy> これは聖なるダイヤも大量にあるに違いない
[22:15:25] [避難所]<supportdesk> オレンジさん適当に聖遺物っていってオクに何か出したらお金持ちになれそう
[22:15:26] <@> 
[22:15:28] <@> 
[22:15:29] [避難所]<tsumasakidachi> オレンジさんは今はどこに住んでるの
[22:15:30] [避難所]<torolavo> オレンジさんの歴史がつまってる
[22:15:30] <@> 
[22:15:33] <@> 
[22:15:36] [ラウンジ]<orange17333> ラウンジ
[22:15:39] <@> 
[22:15:42] <@> 
[22:15:55] [避難所]<suku1> つまりホームレスでは・・・？
[22:16:06] [ラウンジ]<orange17333> チェスト倉庫もあって便利なんだ
[22:16:09] [避難所]<supportdesk> 続きましてなんかオレンジさんが作ったアスレチック
[22:16:11] [避難所]<supportdesk> http://kenmomine.club:8123/?worldname=hinanjyo&mapname=surface&zoom=6&x=379&y=64&z=543
[22:16:11] [避難所]<hyakumaki> リンゴ神とスイカ神とレモン神が居たことを示唆している
[22:16:34] [避難所]<tsumasakidachi> 四元素
[22:16:37] [避難所]<torolavo> かぼちゃの神は居ない
[22:16:53] [避難所]<carpet_23> 途中のトイストーリおもろい
[22:17:03] [避難所]<suku1> 眼力
[22:17:15] [避難所]<vyxyvy> トイストーリーもオレンジ教の聖地
[22:17:24] [ラウンジ]<orange17333> 昔はQRコードWikiかなんかの読み込めた
[22:17:30] [避難所]<supportdesk> このゲームかなり記憶が怪しい
[22:17:33] [避難所]<vyxyvy> セイントオレンジ作
[22:17:36] [避難所]<fubira> あっこれQRか
[22:17:45] [避難所]<torolavo> 流鏑馬かこれ
[22:17:50] [避難所]<supportdesk> そうだったのか
[22:17:52] [避難所]<niji_neko> むずかしい
[22:18:02] [避難所]<suku1> めっちゃずれる
[22:18:33] [避難所]<torolavo> うお
[22:18:56] [避難所]<kamesa> むずかしい
[22:19:11] [避難所]<supportdesk> トイストーリーもできがよいよね
[22:19:20] [ラウンジ]<orange17333> マルチで弓ゲーは難しい
[22:19:42] [ラウンジ]<orange17333> バズの中で羊を飼ってる
[22:20:05] [避難所]<carpet_23> ぎっちぎち
[22:20:15] [避難所]<vyxyvy> オレンジ教とか言い出したの誰なんだろう
[22:20:19] [避難所]<fubira> QRコード読めた
[22:20:25] [Japanize]まじか
[22:20:25] [ラウンジ]<orange17333> majika
[22:20:31] [避難所]<fubira> 昔の嫌儲URL
[22:20:36] [避難所]<supportdesk> 全然覚えてない きがついたら浸透していた
[22:20:37] [Japanize]よかった
[22:20:37] [ラウンジ]<orange17333> yokatta
[22:20:51] [避難所]<fubira> engawa2ch
[22:20:53] [避難所]<niji_neko> 土着宗教
[22:20:55] [Japanize]ふるい
[22:20:55] [ラウンジ]<orange17333> hurui
[22:21:01] [避難所]<vyxyvy> エンガワ
[22:21:03] [避難所]<supportdesk> 続きましてオレンジ教3大聖地のひとつ 奇跡の浮島 セントオレンジ島
[22:21:06] [避難所]<wa3bi> なんだここ
[22:21:11] [避難所]<supportdesk> ？
[22:21:11] [ラウンジ]<daniel_kun2> 初期にてらぞーが布教してた気がする
[22:21:21] [ラウンジ]<orange17333> ちなみに見劣りするピラミッドも僕が作りました
[22:21:30] [避難所]<supportdesk> ピラミッドの中になにかはいってるん
[22:21:42] [避難所]<vyxyvy> オレンジ教の成り立ちを書籍化したらおくで高く売れる
[22:21:43] [ラウンジ]<orange17333> 3大ピラミッドの配置で村人飼ってる
[22:21:47] [避難所]<torolavo> ミイラおじさんだ
[22:22:01] [避難所]<niji_neko> ミイラのミライ
[22:22:01] [避難所]<tsumasakidachi> ンジ王のピラミッド
[22:22:05] [避難所]<supportdesk> 聖祭壇
[22:22:13] [避難所]<tsumasakidachi> 人口密度
[22:22:32] [避難所]<temtac> エンチャントおじさん
[22:22:35] [避難所]<supportdesk> というかこんなか入れたんだ 知らなかった
[22:23:00] [Japanize]http://けんちょ2ch.うぃき.fc2.cおm/うplおあd_ぢr/k/けんちょ2ch/b5d803dfd5ふぇ243d9078b341あ5f2225f.png
[22:23:00] [ラウンジ]<orange17333> http://kentyo2ch.wiki.fc2.com/upload_dir/k/kentyo2ch/b5d803dfd5fe243d9078b341a5f2225f.png
[22:23:00] [避難所]<niji_neko> このピラミッドはのぼりやすい
[22:23:05] [ラウンジ]<orange17333> この辺から怪しかった
[22:23:07] [避難所]<niji_neko> バリアフリーピラミッド
[22:23:24] [避難所]<supportdesk> そうだ最初は頭が流行ったんだ
[22:23:35] [避難所]<supportdesk> そのあと・・・ 頭が流行った後・・・ オレンジ様が降臨なされて・・・
[22:23:36] [避難所]<suku1> 10使徒
[22:23:39] [ラウンジ]<daniel_kun2> 顔が1面しかない
[22:23:55] [避難所]<vyxyvy> 小学校でオレンジヘッドをかぶりだして異様な光景にみんな沸いたんだった
[22:24:00] [Japanize]PVP
[22:24:00] [避難所]<vyxyvy> PVP
[22:24:01] [避難所]<supportdesk> 聖10使途笑う
[22:24:05] [避難所]<vyxyvy> PVPで
[22:24:23] [避難所]<niji_neko> 昔は一面だけで鯖民を見ることができたけど鯖民が増えた後は顔を4面にふやして鯖民をみることにした 柑橘教典1章
[22:24:26] [避難所]<supportdesk> 顔面が阿修羅化してからがターニングポイントだったね
[22:24:34] [避難所]<fubira> セントオレンジ島って何処かな
[22:24:40] [避難所]<supportdesk> http://kenmomine.club:8123/?worldname=hinanjyo&mapname=surface&zoom=6&x=421&y=64&z=1253
[22:24:43] [ラウンジ]<orange17333> 鉄道あるよ！！
[22:24:50] [避難所]<torolavo> 海に穴があいてるところ
[22:24:59] [避難所]<supportdesk> 鉄道？知らんな
[22:25:17] [Japanize]らぢお
[22:25:17] [避難所]<wanwanchan> radio
[22:25:18] [通常]<sksim> https://cytube.xyz/r/kenmomine
[22:25:24] [ラウンジ]<orange17333> 風邪気味のJKに速度看板置いてもらった思い出
[22:25:37] [避難所]<niji_neko> うわあがんばんってる
[22:25:39] [避難所]<supportdesk> このあたりヤマト鉄道もあって
[22:25:39] [避難所]<suku1> オクでなんか運んだ場所だ
[22:25:46] [ラウンジ]<daniel_kun2> なんかイライラしながら看板置いた気がする
[22:25:57] [Japanize]かわいそう
[22:25:57] [避難所]<wanwanchan> kawaisou
[22:25:58] [避難所]<supportdesk> あれっいるかさん昔から居たっけ
[22:25:59] [Japanize]わろた
[22:25:59] [ラウンジ]<orange17333> warota
[22:26:07] [Japanize]とちゅうのこうそく やまと こうそく かも
[22:26:07] [避難所]<vyxyvy> tochuunokousoku yamato kousoku kamo
[22:26:13] [ラウンジ]<orange17333> そこのはサメさんだよ
[22:26:17] [避難所]<supportdesk> サメさんか
[22:26:19] [避難所]<temtac> 水漏れしてる？
[22:26:20] [避難所]<supportdesk> 初めて気づいた
[22:26:27] [避難所]<niji_neko> こしゃくな
[22:26:33] [避難所]<torolavo> オレンジ島には鮫が出る
[22:27:04] [避難所]<vyxyvy> うわあ壁がオレンジ色
[22:27:09] [避難所]<supportdesk> ここに祭壇がほしいなぁ
[22:27:11] [避難所]<niji_neko> このさめフカフカしてる
[22:27:25] [避難所]<tsumasakidachi> オレンジさんのポエムがある
[22:27:34] [避難所]<supportdesk> 聖書だ！
[22:27:43] [避難所]<fubira> ふ・・・鱶
[22:27:47] [ラウンジ]<orange17333> 恥ずかしいけど覚えてない
[22:27:49] [避難所]<torolavo> 初ビーコン持ち込んでいっしょに掘った思い出
[22:27:50] [避難所]<fubira> お
[22:28:07] [避難所]<fubira> まだ触られていない古代Liftだ
[22:28:21] [避難所]<tsumasakidachi> "二度とない人生 そんな形で 終わらせていいわけな"
[22:28:22] [ラウンジ]<orange17333> まだスポンジが富豪の持ち物だったからね
[22:28:36] [避難所]<supportdesk> 尊い・・・
[22:28:48] [避難所]<niji_neko> TTうごかない
[22:29:04] [ラウンジ]<orange17333> 全く覚えてないからきっと多分別人だと思う
[22:29:13] バックアップしています
[22:29:16] [避難所]<sakku32> 湧くけど落ちてこない
[22:29:17] [避難所]<vyxyvy> 別人格のオランゲさん
[22:29:17] [ラウンジ]<orange17333> TTは確かにいつだったか壊れた
[22:29:29] [避難所]<supportdesk> 悲しいなぁ
[22:29:44] [避難所]<niji_neko> 早まらないであなたは必要とされて
[22:29:53] [ラウンジ]<orange17333> 待機場所はバイキンマンの宇宙船をイメージしました
[22:30:03] [避難所]<niji_neko> おれんじさんめるへん
[22:30:04] <supportdesk> 
[22:30:07] [避難所]<niji_neko> やったぜ
[22:30:12] <niji_neko> 
[22:30:16] [通常]<supportdesk> あっいかん
[22:30:18] [避難所]<torolavo> この世からバイバイキンした人が居たんだろうか
[22:30:21] [ラウンジ]<niji_neko> すごいらぐかった
[22:30:23] [ラウンジ]<orange17333> はやまってる
[22:30:44] [避難所]<supportdesk> どこで死んだか分からない
[22:30:45] [避難所]<tsumasakidachi> ここを最期の地に選んだのか
[22:30:56] [避難所]<fubira> supportdeskちゃんは何処で死んだの？
[22:30:56] [扉]<dbsknt> http://kenmomine.club:8123/?worldname=hinanjyo&zoom=3&x=430.0&y=69.0&z=1263.0
[22:30:56] [扉]<dbsknt> supportdeskちゃんはhinanjyo の [x:430, y:69, z:1263] で死んでたよ
[22:30:56] [避難所]<carpet_23> supportdeskは何処で死んだの？
[22:30:56] [扉]<dbsknt> supportdeskちゃんはhinanjyo の [x:430, y:69, z:1263] で死んでたよ
[22:30:56] [扉]<dbsknt> http://kenmomine.club:8123/?worldname=hinanjyo&zoom=3&x=430.0&y=69.0&z=1263.0
[22:31:10] [避難所]<wa3bi> あ
[22:31:14] [ラウンジ]<orange17333> デスポ機能なんてあったのか
[22:31:14] [避難所]<wa3bi> 拾った
[22:31:21] [避難所]<niji_neko> ありがわんちゃん
[22:31:33] [避難所]<carpet_23> 技術力が高い
[22:31:37] [避難所]<torolavo> ロックチェストなのに開けるの不思議だなあと思ったけど
[22:31:41] [避難所]<torolavo> そもそも鍵かかってなかった
[22:31:49] [避難所]<supportdesk> ありがと！
[22:31:50] Complete.
[22:31:55] [避難所]<tsumasakidachi> TTが事故ってオレンジがリスキルされてた記憶
[22:32:05] [避難所]<fubira> わろた
[22:32:15] [ラウンジ]<orange17333> あったようななかったような
[22:32:16] [避難所]<supportdesk> なんと畏れ多い
[22:32:21] [避難所]<carpet_23> このエレベータ動かない
[22:32:39] [避難所]<supportdesk> 続きまして さっき一瞬話題になった、りりかさんが作ったきれいな観光地 世界樹
[22:32:54] [避難所]<supportdesk> 観光も世界樹のあとのこり一ヶ所です
[22:32:56] [避難所]<supportdesk> http://kenmomine.club:8123/?worldname=hinanjyo&mapname=surface&zoom=5&x=-407&y=64&z=1643
[22:33:53] [ラウンジ]<orange17333> サーキットも前からあった？
[22:33:54] [避難所]<torolavo> ボートレース世界樹杯の開催はいつですか
[22:34:03] [避難所]<supportdesk> サーキットは最近できた感じがある
[22:34:05] [避難所]<fubira> サーキットあったんだ
[22:34:14] [避難所]<wa3bi> 2018.10.27 完成
[22:34:17] [避難所]<niji_neko> 斧厳禁
[22:34:17] [避難所]<carpet_23> 夏頃か秋頃？
[22:34:27] [避難所]<supportdesk> 斧使うとオーノーってなるよ
[22:34:31] [避難所]<supportdesk> 斧だけにね
[22:34:33] [避難所]<supportdesk> はは
[22:34:35] [避難所]<carpet_23> おｗｗｗｗ
[22:34:42] [避難所]<supportdesk> スミマセンでした・・・
[22:34:46] [避難所]<fubira> IDSP
[22:34:53] [避難所]<vyxyvy> 世界樹は木として熟成されてるのかな
[22:35:10] [ラウンジ]<orange17333> あれもうIDSP出なくなってるのか
[22:35:13] [避難所]<supportdesk> ホールがあればここで鯖民会議とかもいいよね
[22:35:27] [避難所]<torolavo> 土についてないから一応大丈夫そうではある
[22:35:30] [Japanize]\
[22:35:30] [避難所]<vyxyvy> \
[22:35:44] [避難所]<supportdesk> りりかさんが間違えて振りぬいて半壊したとかなんとか
[22:35:46] [避難所]<fubira> 製作途中に一回切っちゃったようだよ
[22:35:51] [避難所]<torolavo> まじか
[22:35:56] [避難所]<vyxyvy> こわい
[22:36:07] [避難所]<supportdesk> 浮いてるのはその反省かも？
[22:36:26] [避難所]<supportdesk> 前なんかそのまま生えていたような・・・
[22:36:48] [避難所]<torolavo> 枝の上の道いいよね
[22:37:03] [避難所]<carpet_23> 追い抜きが難しいコースだ
[22:37:20] [避難所]<supportdesk> 長い
[22:37:22] [避難所]<supportdesk> コースが
[22:38:21] [避難所]<carpet_23> 僕作ってるやつ3キロ位ある
[22:38:29] [避難所]<supportdesk> やべー
[22:39:05] [避難所]<supportdesk> それではラストです
[22:39:47] [避難所]<supportdesk> 避難所観光ならここは外せない！ 新宿ができる前までは世界有数の摩天楼シティだった軍艦島です
[22:39:52] [避難所]<supportdesk> http://kenmomine.club:8123/?worldname=hinanjyo&mapname=surface&zoom=5&x=-708&y=64&z=1008
[22:39:59] [避難所]<suku1> なつい
[22:40:00] [Japanize]なつい
[22:40:00] [避難所]<vyxyvy> natui
[22:40:22] [避難所]<supportdesk> 治安が悪いらしいので緑色の不審者に注意
[22:40:22] [ラウンジ]<orange17333> 一時期盛り上がってたな
[22:40:31] [避難所]<vyxyvy> 2012年ごろ
[22:40:38] [Japanize]ねんまつ
[22:40:38] [避難所]<vyxyvy> nennmatu
[22:40:39] [Japanize]こわい
[22:40:39] [ラウンジ]<orange17333> kowai
[22:40:39] [避難所]<supportdesk> ふるっ
[22:40:47] [避難所]<torolavo> 遺跡じゃん
[22:40:57] [ラウンジ]<daniel_kun2> 1回年越しした気がする
[22:41:04] [避難所]<supportdesk> そんな時代からやってる人とかおるん？
[22:41:07] [避難所]<carpet_23> 7年もこの看板は私を待っていたのか
[22:41:13] [避難所]<vyxyvy> 改装されたのがもうちょっと後か
[22:41:25] [避難所]<wa3bi> 軍艦島初めてきた
[22:41:44] [避難所]<niji_neko> すしたべたい
[22:41:46] [避難所]<vyxyvy> 南西が再開発エリア
[22:42:08] [避難所]<supportdesk> 闘技場
[22:42:22] [避難所]<carpet_23> このゲートなんでこんなに壊れてるの
[22:42:34] [避難所]<supportdesk> あれっPVP-OFFだ
[22:42:43] [避難所]<niji_neko> むかしのはよくある
[22:42:51] [避難所]<niji_neko> というかこれ手製か
[22:42:58] [避難所]<vyxyvy> シャッターがおりない
[22:43:06] [避難所]<supportdesk> 当時すごい人工密度だった記憶がある
[22:43:08] [避難所]<fubira> 昔はもやもやを手で貼っていた
[22:43:30] [避難所]<supportdesk> クリスマスツリー爆破とかいう行事をやって島が半分吹き飛んだ
[22:43:42] [避難所]<niji_neko> こｗれてる
[22:43:47] [避難所]<vyxyvy> 鏡餅もついでに爆破した
[22:44:11] [避難所]<supportdesk> ここは羊聖教のモスクがある
[22:44:21] [避難所]<vyxyvy> 跡地にはビルが建ってる
[22:44:33] [避難所]<suku1> オレンジマシンまだ動くかな
[22:45:08] [避難所]<suku1> 羊マシンだった
[22:45:14] [避難所]<supportdesk> 軍艦島のごちゃごちゃ感じ好きだった
[22:45:30] [避難所]<niji_neko> すごいブラマイあち
[22:45:42] [避難所]<supportdesk> 意図的にぜんぶ石ブロックで統一した街並みも当時珍しかったように思う
[22:46:02] [避難所]<fubira> sukuっぽいドア
[22:46:02] [避難所]<carpet_23> ブラ枚後に鉄道がある
[22:46:03] [ラウンジ]<daniel_kun2> つちのこ元気してるかな
[22:46:18] [避難所]<fubira> やはりsukuの家だ
[22:46:21] [ラウンジ]<orange17333> steamでは生きてそう
[22:46:52] [避難所]<carpet_23> ここもりりかちゃんいたんだ
[22:46:56] [避難所]<suku1> しばらくここで暮らしてたな
[22:47:03] [避難所]<supportdesk> りりかちゃん地下鉄とか通してくれた
[22:47:19] [避難所]<suku1> 羊マシンまだ生きてたよ
[22:47:20] [避難所]<sakku32> 2/7に虹6やったのが最後みたい
[22:47:29] [避難所]<supportdesk> 自分のビルもあるけどほかの人に売っちゃった
[22:48:03] [避難所]<carpet_23> オレンジにラウンジが侵されてる今AFK拠点を定期的に各地に移そう
[22:48:11] [避難所]<niji_neko> SDたわーずくりすた
[22:48:37] [ラウンジ]<daniel_kun2> オレ禁ラウンジ
[22:48:43] [避難所]<carpet_23> 裁判所みたいな法律事務所
[22:49:11] poteitooo joined the game
[22:49:21] [避難所]<suku1> 法律事務所の地下がモスクだよ
[22:49:23] [Japanize]ひ
[22:49:23] [ラウンジ]<poteitooo> hi
[22:49:23] [通常]<sksim> hi
[22:49:25] [Japanize]ひ
[22:49:25] [ラウンジ]<ponco> hi
[22:49:25] [Japanize]ひ
[22:49:25] [避難所]<Corydoras81> hi
[22:49:26] [Japanize]ひ
[22:49:26] [ラウンジ]<nezunezukun00> hi
[22:49:26] [扉]<dbsknt> ひ
[22:49:27] [避難所]<wanwanchan> ひ
[22:49:28] [避難所]<suku1> ひ
[22:49:28] [避難所]<wa3bi> ひ
[22:49:28] [避難所]<carpet_23> うおおおお
[22:49:29] [避難所]<kamesa> hi
[22:49:31] [ラウンジ]<orange17333> わたしが出禁みたくなってしまう
[22:49:33] [避難所]<torolavo> ひ
[22:49:41] [避難所]<carpet_23> すごい
[22:50:05] [避難所]<wa3bi> なんだこれ
[22:50:16] [避難所]<fubira> 密教
[22:50:45] [避難所]<carpet_23> 左右対処だとこういう機構が出来て面白い
[22:50:53] [避難所]<torolavo> マニ車かな
[22:50:56] [避難所]<supportdesk> この2時間で避難所の珍スポットを回りましたがいかがでしたでしょうか 避難所は狭いのが大変な魅力で、少し歩けば野原に人の痕跡が見つかります みなさんも暇なときうろついて誰かが生きていた痕跡を探してみてはいかがでしょうか
[22:51:15] [避難所]<supportdesk> ツアーはこちらで終点ということで 軍艦島からは通常岡島行のゲートが繋がっておりますのでそちらでお帰りいただくことも可能です
[22:51:21] [避難所]<supportdesk> お疲れさまでした
[22:51:25] [避難所]<torolavo> おつ
[22:51:28] [避難所]<wanwanchan> 乙
[22:51:32] [避難所]<niji_neko> おつ
[22:51:32] [避難所]<fubira> おつ
[22:51:34] [避難所]<wa3bi> おつ
[22:51:34] [避難所]<carpet_23> おつ
[22:51:35] [Japanize]02
[22:51:35] [避難所]<vyxyvy> 02
[22:51:36] [避難所]<temtac> おつ
[22:51:36] [避難所]<suku1> おつ
[22:51:41] [避難所]<supportdesk> http://kenmomine.club:8123/?worldname=hinanjyo&mapname=surface&zoom=5&x=1645&y=64&z=994
[22:51:45] [避難所]<carpet_23> 歴史を振り返るのは良いものだ
[22:51:55] [避難所]<supportdesk> 避 難 所 や ま と ハ ウ ス
[22:51:56] [避難所]<sakku32> おつ
[22:51:57] [避難所]<fubira> 温故知新
 ---------- [2019:11:24]  ---------- 
[22:52:23] 嫌儲Minecraft部サーバへようこそ！
[22:52:23] == [プラグイン解説] == 
[22:52:23] ■ ローマ字→ひらがな変換が不要な場合 /japanize off と入力してください。
[22:52:23] ■ おみくじは /omikuji で引けます。内容は毎日24:00に変化します。
[22:52:23] ■ FastCraft+>導入しました。/fc toggle で使えるようになります。
[22:52:23] ※動作のおかしいプラグインや不具合があれば教えて下さい
[22:52:23] == [TOPICS] ==
[22:52:23] 2017.11.12 - 1.12.2になりました
[22:52:23] ================
[22:52:23] Corydoras81 joined the game
[22:52:46] [避難所]<niji_neko> 昔SS撮れること知らなかったから撮ってなくてつらい
[22:52:50] [避難所]<supportdesk> 懐かしすぎる
[22:52:54] [避難所]<fubira> こりどらちゃん呼び出すか
[22:53:03] [避難所]<Corydoras81> ありがとうございます
[22:53:09] [避難所]<fubira> ゲート前へ
[22:53:23] [ラウンジ]<daniel_kun2> もしかしてこれが嫌儲鯖初の年越しか
[22:53:34] [避難所]<fubira> 移動難しそう
[22:53:35] [避難所]<suku1> せやね
[22:53:43] [通常]<fubira> あら
[22:53:46] [通常]<fubira> 水に出る
[22:53:48] [通常]<fubira> あぶない
[22:53:59] [避難所]<tsumasakidachi> あっやばいエリトラの耐久が無い
[22:54:22] [避難所]<supportdesk> この建物見るたびに笑う
[22:55:21] [ラウンジ]<orange17333> この時は胸アツネトゲ年越しが6年7年続くとは思ってもいないだろう
[22:55:34] [避難所]<supportdesk> やまとの遺産は当時結構差し押さえられたから あまり残ってないね
[22:56:15] [避難所]<niji_neko> BANクラフターヤマト
[22:56:30] [避難所]<supportdesk> 当時つっちーと10年後もこうやって年越しできてるとええなって語った気がする
[22:56:45] [避難所]<suku1> https://i.imgur.com/qoeLPUS.mp4
[22:56:52] [避難所]<carpet_23> オリジナル本がある
[22:56:58] [避難所]<supportdesk> マジ？
[22:57:05] [ラウンジ]<orange17333> もはや親友じゃん
[22:57:12] [ラウンジ]<kamesa> コリドラのお散歩終了
[22:57:17] [避難所]<vyxyvy> オレンジがサンタ服着てる
[22:57:39] [避難所]<supportdesk> つっちー・・・(´；ω；｀)
[22:57:48] [避難所]<supportdesk> うわあひどい これはTNT規制もやむなしですね
[22:58:25] [避難所]<wanwanchan> なんでこんな僻地に家があるの
[22:58:26] [通常]<suku1> つっちーカムバック
[22:58:29] [避難所]<niji_neko> ヤマト建築はひなんじょさっくさん家のイメージがつよい
[22:58:36] [避難所]<tsumasakidachi> 世界の果てのヤマトの家でエリトラの耐久が7
[22:58:43] [避難所]<wanwanchan> かわいそう
[22:58:45] [避難所]<carpet_23> BANプレイヤーの所有物の処遇ってどうなるの
[22:58:57] <@> 
[22:58:58] <@> 
[22:59:00] [お知らせ] 次回嫌儲会議は4月末 ※議題BOXを応接室に設置しました
[22:59:01] [お知らせ] 2/9 資源更新しました
[22:59:09] [避難所]<sakku32> やまとくんはその家の位置を嘆いてたよ
[22:59:21] [避難所]<supportdesk> あれ？どっかにセントラルストリートなかったっけ
[22:59:25] [避難所]<sakku32> なんであんなところに作ってしまったのかと
[23:00:16] [避難所]<supportdesk> おっきい家の中にエンチェあるのでじさつしたいかたはご活用ください
[23:00:57] [避難所]<carpet_23> やまとくんのロックチェストがない
[23:01:07] [避難所]<supportdesk> 基本BANされた場合はロックチェストが外されてFREEになる
[23:01:24] [避難所]<niji_neko> 見つけた場合はGMに一報すればはずしてくれる
[23:01:44] [避難所]<carpet_23> 全部外されたやまとくん…
[23:01:54] バックアップしています
[23:02:11] [避難所]<tsumasakidachi> 23:00 ヤマトの家を立つ
[23:02:12] [避難所]<niji_neko> まあ資産価値数万ダイヤぶっとばしたひとだから
[23:02:32] [避難所]<wanwanchan> やばい
[23:02:43] [避難所]<supportdesk> 資産家がBANされると差し押さえ団が現れるとか
[23:02:45] [Japanize]https://いmgうr.cおm/あ/dNkh04z
[23:02:45] [避難所]<vyxyvy> https://imgur.com/a/dNkh04z
[23:03:05] [避難所]<vyxyvy> 2012/12/6にはオレンジヘッドが顕現してた
[23:03:23] [ラウンジ]<dokurokamen> 乞食リスト…
[23:03:26] [避難所]<supportdesk> 7年の歴史があるこれ半分国教だろ
[23:03:35] [避難所]<supportdesk> 乞食リストの悲劇を我々は忘れてはならない
[23:04:24] Complete.
[23:04:47] [ラウンジ]<orange17333> 嫌京闘技場なら初めて交流したやつかもしれない
[23:04:54] [避難所]<supportdesk> かえろう
[23:05:35] [避難所]<supportdesk> KというBANプレーヤーはかなりのお金持ちだったから
[23:05:44] <supportdesk> 
[23:05:53] [通常]<supportdesk> 彼がBANされたとき財産が放出されて闇の深い事件が起きた
[23:06:07] [ラウンジ]<niji_neko> そうなの
[23:06:09] [ラウンジ]<orange17333> 溺れながら語ってる
[23:06:19] [避難所]<carpet_23> 戦争になりそう
[23:06:22] [避難所]<tsumasakidachi> あっ死ぬという手が
[23:06:59] <wanwanchan> <Spider> 
[23:07:07] [ラウンジ]<niji_neko> 今日一歩も外に出なかった
[23:07:34] [ラウンジ]<carpet_23> 日曜なのに呼び出されて悔しい
[23:07:55] [ラウンジ]<dokurokamen> 洗車して疲れて寝てたら1日終わった
[23:07:58] [ラウンジ]<wa3bi> 頭痛いし熱っぽいし全身がだるい
[23:08:49] [ラウンジ]<dokurokamen> インフルになって1週間休みたい
[23:09:09] [ラウンジ]<carpet_23> まともに雪降らずに冬終わりとかまじか
[23:09:17] [通常]<supportdesk> デスルーラの魅力
[23:09:25] [通常]<supportdesk> 明日から仕事だ・・・
[23:10:16] tsumasakidachi left the game
[23:10:16] [ラウンジ]<niji_neko> 体力 回復 方法
[23:10:17] dokurokamen left the game
[23:10:30] [ラウンジ]<fubira> わさびちゃんおだいじにね
[23:10:33] [ラウンジ]<carpet_23> sksim 滋養強壮
[23:10:34] [通常]<sksim> https://is.gd/AswKXd
[23:11:12] [ラウンジ]<daniel_kun2> 明日日帰り大阪出張だわ
[23:12:45] [通常]<supportdesk> JKって東京民だっけ？
[23:13:07] [ラウンジ]<niji_neko> 救いは金かとおもったけど多少の金では救いにならない
[23:13:28] [避難所]<sakku32> 川崎民じゃないの
[23:14:17] [ラウンジ]<daniel_kun2> まぁそのあたり
[23:14:58] <@> 
[23:15:00] [お知らせ] 2/9 資源更新しました
[23:15:02] <@> 
[23:15:03] [お知らせ] 次回嫌儲会議は4月末 ※議題BOXを応接室に設置しました
[23:15:11] <@> 
[23:15:11] <@> 
[23:15:14] [ラウンジ]<daniel_kun2> 結局XMで口座作ったわ
[23:15:32] [ラウンジ]<niji_neko> ふわゆらだいじょうぶかな
[23:16:00] [通常]<carpet_23> 百円で空売りしよう
[23:16:04] [避難所]<sakku32> 相当損失出してるの
[23:16:41] [ラウンジ]<daniel_kun2> ねずおいで
[23:17:51] <poteitooo> 
[23:18:55] [通常]<supportdesk> ビットコのチャート草生える
[23:19:08] [通常]<supportdesk> ひどすぎる
[23:19:35] [ラウンジ]<niji_neko> うわ
[23:19:38] [ラウンジ]<niji_neko> あげて
[23:19:41] [ラウンジ]<niji_neko> おとす
[23:19:48] [避難所]<sakku32> 最近のふわゆらさん結構病んでそうだよね
[23:19:54] [ラウンジ]<fubira> ひどいな
[23:20:13] [通常]<carpet_23> チャートみんないつもどこで見てるんですか
[23:20:34] [ラウンジ]<niji_neko> てきとうなとこ
[23:20:47] [ラウンジ]<fubira> https://nikkei225jp.com/bitcoin/ こことかてきとう
[23:20:59] [ラウンジ]<fubira> ふわゆらは負のスパイラルに入ってそう
[23:21:19] [通常]<supportdesk> zaif板もみれるから面白い
[23:21:21] [通常]<carpet_23> 下げるなら上げんなや状態
[23:21:21] [通常]<supportdesk> https://zaif.jp/trade_btc_jpy?lang=ja
[23:22:17] [ラウンジ]<fubira> みかんが撤去されていく
[23:22:21] [ラウンジ]<niji_neko> ザイフとビットフライヤー口座もってるけど負けっぱなし
[23:22:25] [AutoRestart] Server Will Restart In 15 Minutes!
[23:22:51] [ラウンジ]<fubira> 見なかったことにして忘れるのが一番
[23:23:16] [通常]<carpet_23> やっぱこういうのは難しいなぁ
[23:23:39] [ラウンジ]<niji_neko> 欲の皮がつっぱらないで売り時わかる神様みたいなアレがあればもうかるよ
[23:24:00] [通常]<carpet_23> まだ上がるってどうしても思っちゃうよね
[23:24:19] [ラウンジ]<niji_neko> あと仮想通貨利益の税金がかなりたかいし
[23:25:07] [避難所]<sakku32> 今日win5ですごい億馬券が出たとか
[23:25:59] nyurindainagon left the game
[23:26:32] [ラウンジ]<fubira> 1人総取りが出た
[23:26:40] [Japanize]すごい
[23:26:40] [ラウンジ]<orange17333> sugoi
[23:26:57] [ラウンジ]<fubira> 4億7千万
[23:26:57] [ラウンジ]<niji_neko> 脳汁でそう
[23:27:07] [Japanize]やばすぎ
[23:27:07] [ラウンジ]<orange17333> yabasugi
[23:27:12] [通常]<carpet_23> マジか
[23:27:22] [ラウンジ]<wanwanchan> わんわんおいしい
[23:27:25] [AutoRestart] Server Will Restart In 10 Minutes!
[23:27:38] [避難所]<sakku32> https://race.netkeiba.com/?pid=win5
[23:27:42] [避難所]<sakku32> すごいよね
[23:27:47] [ラウンジ]<fubira> 1着が2番人気、15番人気、12番人気、11番人気、5番人気とかだから
[23:27:51] [ラウンジ]<fubira> 当てた人狂ってる
[23:28:04] <poteitooo> 
[23:28:08] [ラウンジ]<niji_neko> ランダム買いとかはないの
[23:28:11] [ラウンジ]<orange17333> 当てたら当てたでおかしくなりそう
[23:28:20] [ラウンジ]<fubira> そういえばランダムもあるね
[23:28:57] [ラウンジ]<orange17333> 馬券の当選金て税金かかるの
[23:29:13] [避難所]<sakku32> もち 掛かるよ
[23:29:16] [ラウンジ]<Super_AI> [FuwariYurayura] サーキットブレイク発動した
[23:29:20] [ラウンジ]<Super_AI> [FuwariYurayura] ビッフラ
[23:29:22] [ラウンジ]<niji_neko> あっ
[23:29:24] [ラウンジ]<fubira> かかるよ
[23:29:34] [ラウンジ]<niji_neko> 元気ですかー！
[23:29:34] [ラウンジ]<orange17333> 一応もってかれるのか
[23:29:39] [ラウンジ]<Super_AI> [FuwariYurayura] さわれてない
[23:29:45] [ラウンジ]<Super_AI> [FuwariYurayura] 触らずに済んだ
[23:29:52] [ラウンジ]<Super_AI> [FuwariYurayura] こええ
[23:29:59] [避難所]<sakku32> 最高裁が再び外れ馬券の購入費を経費と認定 判決が及ぼす影響と留意点 https://news.yahoo.co.jp/byline/maedatsunehiko/20171216-00078907/
[23:30:09] [避難所]<sakku32> なのでこういう裁判が起きた
[23:32:25] [AutoRestart] Server Will Restart In 5 Minutes!
[23:33:17] vyxyvy left the game
[23:33:49] [通常]<supportdesk> へ～ビットコ市場にもサーキットブレーカーあるんだ
[23:34:14] orange17333 left the game
[23:34:27] バックアップしています
[23:34:50] [通常]<supportdesk> ワープしてて笑う
[23:35:36] [通常]<supportdesk> ネット馬券も夢があるよね・・・
[23:36:25] [AutoRestart] Server Will Restart In 1 Minutes!
[23:36:29] [通常]<carpet_23> 爆益を上げた時、全財産を溶かすような人もいるんだよね…
[23:36:47] [ラウンジ]<Super_AI> [FuwariYurayura] 日利300%
[23:36:56] Complete.
[23:37:04] [ラウンジ]<niji_neko> おなかいたい
[23:37:16] [ラウンジ]<Super_AI> [FuwariYurayura] 証拠金が三倍になった
[23:37:20] [AutoRestart] Server is restarting in 5 Seconds!
[23:37:20] [ラウンジ]<Super_AI> [FuwariYurayura] 今ロングしてる
[23:37:21] [AutoRestart] Server is restarting in 4 Seconds!
[23:37:22] [AutoRestart] Server is restarting in 3 Seconds!
[23:37:23] [AutoRestart] Server is restarting in 2 Seconds!
[23:37:24] [AutoRestart] Server is restarting in 1 Seconds!
